<?xml version="1.0" encoding="UTF-8"?>
<testsuite name="com.kodilla.sudoku.SudokuSolverTestSuite" tests="1" skipped="0" failures="0" errors="0" timestamp="2021-11-01T05:41:19" hostname="DESKTOP-6QQF1GM" time="0.035">
  <properties/>
  <testcase name="solvingSudokuTest()" classname="com.kodilla.sudoku.SudokuSolverTestSuite" time="0.035"/>
  <system-out><![CDATA[]]></system-out>
  <system-err><![CDATA[]]></system-err>
</testsuite>
